{"/home/wls-ricardo-gok/lab-automated-tests/__tests__/fake/MemoriaContaRepositorio.ts": {"path":"/home/wls-ricardo-gok/lab-automated-tests/__tests__/fake/MemoriaContaRepositorio.ts","statementMap":{"0":{"start":{"line":8,"column":8},"end":{"line":8,"column":52}},"1":{"start":{"line":12,"column":8},"end":{"line":12,"column":47}},"2":{"start":{"line":16,"column":8},"end":{"line":16,"column":50}},"3":{"start":{"line":4,"column":0},"end":{"line":4,"column":13}}},"fnMap":{"0":{"name":"(anonymous_0)","decl":{"start":{"line":7,"column":4},"end":{"line":7,"column":null}},"loc":{"start":{"line":7,"column":4},"end":{"line":9,"column":5}}},"1":{"name":"(anonymous_1)","decl":{"start":{"line":11,"column":11},"end":{"line":11,"column":17}},"loc":{"start":{"line":11,"column":32},"end":{"line":13,"column":5}}},"2":{"name":"(anonymous_2)","decl":{"start":{"line":15,"column":11},"end":{"line":15,"column":20}},"loc":{"start":{"line":15,"column":33},"end":{"line":17,"column":5}}}},"branchMap":{},"s":{"0":3,"1":8,"2":8,"3":1},"f":{"0":3,"1":8,"2":8},"b":{}}
,"/home/wls-ricardo-gok/lab-automated-tests/src/application/TransferenciaServico.ts": {"path":"/home/wls-ricardo-gok/lab-automated-tests/src/application/TransferenciaServico.ts","statementMap":{"0":{"start":{"line":4,"column":0},"end":{"line":4,"column":73}},"1":{"start":{"line":10,"column":8},"end":{"line":10,"column":40}},"2":{"start":{"line":14,"column":28},"end":{"line":14,"column":69}},"3":{"start":{"line":15,"column":29},"end":{"line":15,"column":71}},"4":{"start":{"line":17,"column":8},"end":{"line":18,"column":58}},"5":{"start":{"line":18,"column":12},"end":{"line":18,"column":58}},"6":{"start":{"line":20,"column":8},"end":{"line":21,"column":59}},"7":{"start":{"line":21,"column":12},"end":{"line":21,"column":59}},"8":{"start":{"line":23,"column":30},"end":{"line":23,"column":54}},"9":{"start":{"line":24,"column":23},"end":{"line":24,"column":87}},"10":{"start":{"line":26,"column":8},"end":{"line":26,"column":50}},"11":{"start":{"line":27,"column":8},"end":{"line":27,"column":51}},"12":{"start":{"line":29,"column":8},"end":{"line":29,"column":29}},"13":{"start":{"line":6,"column":0},"end":{"line":6,"column":13}}},"fnMap":{"0":{"name":"(anonymous_0)","decl":{"start":{"line":9,"column":4},"end":{"line":9,"column":23}},"loc":{"start":{"line":9,"column":62},"end":{"line":11,"column":5}}},"1":{"name":"(anonymous_1)","decl":{"start":{"line":13,"column":11},"end":{"line":13,"column":21}},"loc":{"start":{"line":13,"column":43},"end":{"line":30,"column":5}}}},"branchMap":{"0":{"loc":{"start":{"line":17,"column":8},"end":{"line":18,"column":58}},"type":"if","locations":[{"start":{"line":17,"column":8},"end":{"line":18,"column":58}}]},"1":{"loc":{"start":{"line":20,"column":8},"end":{"line":21,"column":59}},"type":"if","locations":[{"start":{"line":20,"column":8},"end":{"line":21,"column":59}}]}},"s":{"0":2,"1":6,"2":6,"3":6,"4":6,"5":2,"6":4,"7":2,"8":2,"9":2,"10":2,"11":2,"12":2,"13":2},"f":{"0":6,"1":6},"b":{"0":[2],"1":[2]}}
,"/home/wls-ricardo-gok/lab-automated-tests/src/application/dto/TransferenciaDTO.ts": {"path":"/home/wls-ricardo-gok/lab-automated-tests/src/application/dto/TransferenciaDTO.ts","statementMap":{"0":{"start":{"line":7,"column":8},"end":{"line":7,"column":39}},"1":{"start":{"line":8,"column":8},"end":{"line":8,"column":41}},"2":{"start":{"line":9,"column":8},"end":{"line":9,"column":27}},"3":{"start":{"line":1,"column":0},"end":{"line":1,"column":13}}},"fnMap":{"0":{"name":"(anonymous_0)","decl":{"start":{"line":6,"column":4},"end":{"line":6,"column":23}},"loc":{"start":{"line":6,"column":79},"end":{"line":10,"column":5}}}},"branchMap":{},"s":{"0":6,"1":6,"2":6,"3":2},"f":{"0":6},"b":{}}
,"/home/wls-ricardo-gok/lab-automated-tests/src/model/Conta.ts": {"path":"/home/wls-ricardo-gok/lab-automated-tests/src/model/Conta.ts","statementMap":{"0":{"start":{"line":1,"column":0},"end":{"line":1,"column":44}},"1":{"start":{"line":8,"column":4},"end":{"line":8,"column":48}},"2":{"start":{"line":9,"column":4},"end":{"line":9,"column":24}},"3":{"start":{"line":13,"column":4},"end":{"line":13,"column":29}},"4":{"start":{"line":15,"column":4},"end":{"line":16,"column":58}},"5":{"start":{"line":16,"column":6},"end":{"line":16,"column":58}},"6":{"start":{"line":18,"column":4},"end":{"line":18,"column":25}},"7":{"start":{"line":22,"column":4},"end":{"line":22,"column":29}},"8":{"start":{"line":24,"column":4},"end":{"line":24,"column":25}},"9":{"start":{"line":28,"column":4},"end":{"line":28,"column":23}},"10":{"start":{"line":32,"column":4},"end":{"line":32,"column":36}},"11":{"start":{"line":36,"column":4},"end":{"line":37,"column":68}},"12":{"start":{"line":37,"column":6},"end":{"line":37,"column":68}},"13":{"start":{"line":3,"column":0},"end":{"line":3,"column":13}}},"fnMap":{"0":{"name":"(anonymous_0)","decl":{"start":{"line":7,"column":2},"end":{"line":7,"column":21}},"loc":{"start":{"line":7,"column":50},"end":{"line":10,"column":3}}},"1":{"name":"(anonymous_1)","decl":{"start":{"line":12,"column":9},"end":{"line":12,"column":14}},"loc":{"start":{"line":12,"column":28},"end":{"line":19,"column":3}}},"2":{"name":"(anonymous_2)","decl":{"start":{"line":21,"column":9},"end":{"line":21,"column":18}},"loc":{"start":{"line":21,"column":32},"end":{"line":25,"column":3}}},"3":{"name":"(anonymous_3)","decl":{"start":{"line":27,"column":2},"end":{"line":27,"column":13}},"loc":{"start":{"line":27,"column":18},"end":{"line":29,"column":3}}},"4":{"name":"(anonymous_4)","decl":{"start":{"line":31,"column":2},"end":{"line":31,"column":13}},"loc":{"start":{"line":31,"column":19},"end":{"line":33,"column":3}}},"5":{"name":"(anonymous_5)","decl":{"start":{"line":35,"column":10},"end":{"line":35,"column":22}},"loc":{"start":{"line":35,"column":36},"end":{"line":38,"column":3}}}},"branchMap":{"0":{"loc":{"start":{"line":15,"column":4},"end":{"line":16,"column":58}},"type":"if","locations":[{"start":{"line":15,"column":4},"end":{"line":16,"column":58}}]},"1":{"loc":{"start":{"line":36,"column":4},"end":{"line":37,"column":68}},"type":"if","locations":[{"start":{"line":36,"column":4},"end":{"line":37,"column":68}}]}},"s":{"0":4,"1":21,"2":21,"3":7,"4":5,"5":1,"6":4,"7":6,"8":4,"9":8,"10":16,"11":13,"12":4,"13":4},"f":{"0":21,"1":7,"2":6,"3":8,"4":16,"5":13},"b":{"0":[1],"1":[4]}}
,"/home/wls-ricardo-gok/lab-automated-tests/src/model/NumeroConta.ts": {"path":"/home/wls-ricardo-gok/lab-automated-tests/src/model/NumeroConta.ts","statementMap":{"0":{"start":{"line":5,"column":8},"end":{"line":5,"column":29}},"1":{"start":{"line":6,"column":8},"end":{"line":6,"column":30}},"2":{"start":{"line":10,"column":8},"end":{"line":12,"column":null}},"3":{"start":{"line":11,"column":12},"end":{"line":11,"column":56}},"4":{"start":{"line":16,"column":31},"end":{"line":16,"column":40}},"5":{"start":{"line":17,"column":8},"end":{"line":17,"column":35}},"6":{"start":{"line":21,"column":8},"end":{"line":21,"column":28}},"7":{"start":{"line":1,"column":0},"end":{"line":1,"column":13}}},"fnMap":{"0":{"name":"(anonymous_0)","decl":{"start":{"line":4,"column":4},"end":{"line":4,"column":23}},"loc":{"start":{"line":4,"column":37},"end":{"line":7,"column":5}}},"1":{"name":"(anonymous_1)","decl":{"start":{"line":9,"column":12},"end":{"line":9,"column":19}},"loc":{"start":{"line":9,"column":34},"end":{"line":13,"column":5}}},"2":{"name":"(anonymous_2)","decl":{"start":{"line":15,"column":12},"end":{"line":15,"column":35}},"loc":{"start":{"line":15,"column":50},"end":{"line":18,"column":5}}},"3":{"name":"(anonymous_3)","decl":{"start":{"line":20,"column":4},"end":{"line":20,"column":15}},"loc":{"start":{"line":20,"column":21},"end":{"line":22,"column":5}}}},"branchMap":{"0":{"loc":{"start":{"line":10,"column":8},"end":{"line":12,"column":null}},"type":"if","locations":[{"start":{"line":10,"column":8},"end":{"line":12,"column":null}}]}},"s":{"0":25,"1":22,"2":25,"3":3,"4":25,"5":25,"6":18,"7":5},"f":{"0":25,"1":25,"2":25,"3":18},"b":{"0":[3]}}
,"/home/wls-ricardo-gok/lab-automated-tests/src/model/Recibo.ts": {"path":"/home/wls-ricardo-gok/lab-automated-tests/src/model/Recibo.ts","statementMap":{"0":{"start":{"line":5,"column":8},"end":{"line":5,"column":42}},"1":{"start":{"line":9,"column":8},"end":{"line":9,"column":28}},"2":{"start":{"line":13,"column":8},"end":{"line":13,"column":66}},"3":{"start":{"line":1,"column":0},"end":{"line":1,"column":13}}},"fnMap":{"0":{"name":"(anonymous_0)","decl":{"start":{"line":4,"column":4},"end":{"line":4,"column":null}},"loc":{"start":{"line":4,"column":4},"end":{"line":6,"column":5}}},"1":{"name":"(anonymous_1)","decl":{"start":{"line":8,"column":4},"end":{"line":8,"column":15}},"loc":{"start":{"line":8,"column":21},"end":{"line":10,"column":5}}},"2":{"name":"(anonymous_2)","decl":{"start":{"line":12,"column":12},"end":{"line":12,"column":23}},"loc":{"start":{"line":12,"column":23},"end":{"line":14,"column":5}}}},"branchMap":{},"s":{"0":4,"1":4,"2":4,"3":4},"f":{"0":4,"1":4,"2":4},"b":{}}
,"/home/wls-ricardo-gok/lab-automated-tests/src/model/service/TransferenciaValor.ts": {"path":"/home/wls-ricardo-gok/lab-automated-tests/src/model/service/TransferenciaValor.ts","statementMap":{"0":{"start":{"line":2,"column":0},"end":{"line":2,"column":35}},"1":{"start":{"line":6,"column":8},"end":{"line":6,"column":33}},"2":{"start":{"line":7,"column":8},"end":{"line":7,"column":38}},"3":{"start":{"line":8,"column":8},"end":{"line":8,"column":28}},"4":{"start":{"line":4,"column":0},"end":{"line":4,"column":13}}},"fnMap":{"0":{"name":"(anonymous_0)","decl":{"start":{"line":5,"column":11},"end":{"line":5,"column":21}},"loc":{"start":{"line":5,"column":76},"end":{"line":9,"column":5}}}},"branchMap":{},"s":{"0":3,"1":3,"2":3,"3":3,"4":3},"f":{"0":3},"b":{}}
}
