TN:
SF:__tests__/fake/MemoriaContaRepositorio.ts
FN:7,(anonymous_0)
FN:11,(anonymous_1)
FN:15,(anonymous_2)
FNF:3
FNH:3
FNDA:3,(anonymous_0)
FNDA:8,(anonymous_1)
FNDA:8,(anonymous_2)
DA:4,1
DA:8,3
DA:12,8
DA:16,8
LF:4
LH:4
BRF:0
BRH:0
end_of_record
TN:
SF:src/application/TransferenciaServico.ts
FN:9,(anonymous_0)
FN:13,(anonymous_1)
FNF:2
FNH:2
FNDA:6,(anonymous_0)
FNDA:6,(anonymous_1)
DA:4,2
DA:6,2
DA:10,6
DA:14,6
DA:15,6
DA:17,6
DA:18,2
DA:20,4
DA:21,2
DA:23,2
DA:24,2
DA:26,2
DA:27,2
DA:29,2
LF:14
LH:14
BRDA:17,0,0,2
BRDA:20,1,0,2
BRF:2
BRH:2
end_of_record
TN:
SF:src/application/dto/TransferenciaDTO.ts
FN:6,(anonymous_0)
FNF:1
FNH:1
FNDA:6,(anonymous_0)
DA:1,2
DA:7,6
DA:8,6
DA:9,6
LF:4
LH:4
BRF:0
BRH:0
end_of_record
TN:
SF:src/model/Conta.ts
FN:7,(anonymous_0)
FN:12,(anonymous_1)
FN:21,(anonymous_2)
FN:27,(anonymous_3)
FN:31,(anonymous_4)
FN:35,(anonymous_5)
FNF:6
FNH:6
FNDA:21,(anonymous_0)
FNDA:7,(anonymous_1)
FNDA:6,(anonymous_2)
FNDA:8,(anonymous_3)
FNDA:16,(anonymous_4)
FNDA:13,(anonymous_5)
DA:1,4
DA:3,4
DA:8,21
DA:9,21
DA:13,7
DA:15,5
DA:16,1
DA:18,4
DA:22,6
DA:24,4
DA:28,8
DA:32,16
DA:36,13
DA:37,4
LF:14
LH:14
BRDA:15,0,0,1
BRDA:36,1,0,4
BRF:2
BRH:2
end_of_record
TN:
SF:src/model/NumeroConta.ts
FN:4,(anonymous_0)
FN:9,(anonymous_1)
FN:15,(anonymous_2)
FN:20,(anonymous_3)
FNF:4
FNH:4
FNDA:25,(anonymous_0)
FNDA:25,(anonymous_1)
FNDA:25,(anonymous_2)
FNDA:18,(anonymous_3)
DA:1,5
DA:5,25
DA:6,22
DA:10,25
DA:11,3
DA:16,25
DA:17,25
DA:21,18
LF:8
LH:8
BRDA:10,0,0,3
BRF:1
BRH:1
end_of_record
TN:
SF:src/model/Recibo.ts
FN:4,(anonymous_0)
FN:8,(anonymous_1)
FN:12,(anonymous_2)
FNF:3
FNH:3
FNDA:4,(anonymous_0)
FNDA:4,(anonymous_1)
FNDA:4,(anonymous_2)
DA:1,4
DA:5,4
DA:9,4
DA:13,4
LF:4
LH:4
BRF:0
BRH:0
end_of_record
TN:
SF:src/model/service/TransferenciaValor.ts
FN:5,(anonymous_0)
FNF:1
FNH:1
FNDA:3,(anonymous_0)
DA:2,3
DA:4,3
DA:6,3
DA:7,3
DA:8,3
LF:5
LH:5
BRF:0
BRH:0
end_of_record
